Build started 9/6/2014 6:52:03 PM.
     1>Project "C:\Users\Matt\Google Drive\Programming\Chess\Chess.vcxproj" on node 2 (Build target(s)).
     1>Link:
         C:\Program Files (x86)\Microsoft Visual Studio 12.0\VC\bin\link.exe /ERRORREPORT:PROMPT /OUT:"C:\Users\Matt\Google Drive\Programming\Chess\Debug\Chess.exe" /INCREMENTAL /NOLOGO kernel32.lib user32.lib gdi32.lib winspool.lib comdlg32.lib advapi32.lib shell32.lib ole32.lib oleaut32.lib uuid.lib odbc32.lib odbccp32.lib /MANIFEST /MANIFESTUAC:"level='asInvoker' uiAccess='false'" /manifest:embed /DEBUG /PDB:"C:\Users\Matt\Google Drive\Programming\Chess\Debug\Chess.pdb" /TLBID:1 /DYNAMICBASE /NXCOMPAT /IMPLIB:"C:\Users\Matt\Google Drive\Programming\Chess\Debug\Chess.lib" /MACHINE:X86 Debug\Game.obj
         Debug\Piece.obj
         Debug\Player.obj
     1>LINK : fatal error LNK1561: entry point must be defined
     1>Done Building Project "C:\Users\Matt\Google Drive\Programming\Chess\Chess.vcxproj" (Build target(s)) -- FAILED.

Build FAILED.

Time Elapsed 00:00:00.12
